Arguments: 
  D:\node\node.exe E:\node\global\node_modules\yarn\bin\yarn.js add webpack webpack-cli babel --dev

PATH: 
  C:\Program Files (x86)\Common Files\NetSarang;C:\Program Files\Java\jdk1.8.0_45\bin;C:\Program Files\Java\jdk1.8.0_45\jre\bin;\;D:\tomcat\apache-tomcat-8.0.21-windows-x64\apache-tomcat-8.0.21\bin;D:\tomcat\apache-tomcat-8.0.21-windows-x64\apache-tomcat-8.0.21\lib;C:\Windows\system32;C:\Windows;C:\Windows\System32\Wbem;C:\Program Files\MySQL\MySQL Server 5.6\bin;D:\maven\apache-maven-3.3.9\bin;D:\mongodb\bin;C:\Users\strong\svn\bin;D:\Git\cmd;D:\Git\usr\bin;D:\nvm;E:\node;E:\node\global;D:\node\;D:\yarn\bin\;global;D:\nvm;D:\node;D:\Fiddler;C:\Users\strong\AppData\Roaming\npm;C:\Users\strong\AppData\Local\Yarn\bin;D:\Microsoft VS Code\bin

Yarn version: 
  0.27.5

Node version: 
  8.11.1

Platform: 
  win32 x64

npm manifest: 
  {
    "name": "mobx",
    "version": "1.0.0",
    "description": "实现一个类似于mobx的数据处理类库。并研究vue的数据处理原理",
    "main": "index.js",
    "scripts": {
      "test": "echo \"Error: no test specified\" && exit 1"
    },
    "repository": {
      "type": "git",
      "url": "git+https://github.com/strongcode9527/mobx.git"
    },
    "author": "strong",
    "license": "MIT",
    "bugs": {
      "url": "https://github.com/strongcode9527/mobx/issues"
    },
    "homepage": "https://github.com/strongcode9527/mobx#readme",
    "dependencies": {
      "is-plain-object": "^2.0.4"
    }
  }

yarn manifest: 
  No manifest

Lockfile: 
  # THIS IS AN AUTOGENERATED FILE. DO NOT EDIT THIS FILE DIRECTLY.
  # yarn lockfile v1
  
  
  is-plain-object@^2.0.4:
    version "2.0.4"
    resolved "https://registry.yarnpkg.com/is-plain-object/-/is-plain-object-2.0.4.tgz#2c163b3fafb1b606d9d17928f05c2a1c38e07677"
    dependencies:
      isobject "^3.0.1"
  
  isobject@^3.0.1:
    version "3.0.1"
    resolved "https://registry.yarnpkg.com/isobject/-/isobject-3.0.1.tgz#4e431e92b11a9731636aa1f9c8d1ccbcfdab78df"

Trace: 
  Error: connect ETIMEDOUT 104.16.61.173:443
      at Object._errnoException (util.js:1022:11)
      at _exceptionWithHostPort (util.js:1044:20)
      at TCPConnectWrap.afterConnect [as oncomplete] (net.js:1198:14)
